### ISSUE TITLE
Weird `invalid` float exception with GCC-14 in minimap code.

### ISSUE THREAD

**Issue by illwieckz** [DaemonEngine/Daemon#1470]
I got a very weird bug with GCC-14. I got this `invalid` exception:

```
* thread #23, name = 'daemon', stop reason = signal SIGFPE: floating point invalid operation
    frame #0: 0x00007fff6a749720 cgame-native-dll.so`CG_DrawMinimap(rectDef_t const*, Color::BasicColor<float, Color::ColorComponentTraits<float>> const&) [inlined] CG_SetupMinimapTransform(rect=0x00007fff98bfd270, zone=0x00007fff6bde41d8, minimap=<unavailable>) at cg_minimap.cpp:302:48
   299 	    x = transform[0] * posx + transform[1] * posy;
   300 	    y = transform[2] * posx + transform[3] * posy;
   301 	
-> 302 	    transformVector[0] = x + rect->x + rect->w / 2;
   303 	    transformVector[1] = y + rect->y + rect->h / 2;
   304 	}
   305

* thread #23, name = 'daemon', stop reason = signal SIGFPE: floating point invalid operation
  * frame #0: 0x00007fff6a749720 cgame-native-dll.so`CG_DrawMinimap(rectDef_t const*, Color::BasicColor<float, Color::ColorComponentTraits<float>> const&) [inlined] CG_SetupMinimapTransform(rect=0x00007fff98bfd270, zone=0x00007fff6bde41d8, minimap=<unavailable>) at cg_minimap.cpp:302:48
    frame #1: 0x00007fff6a7496e6 cgame-native-dll.so`CG_DrawMinimap(rect640=0x00007fff98bfd2f0, teamColor=0x00007fff98bfd300) at cg_minimap.cpp:657:29
    frame #2: 0x00007fff6a76e0d4 cgame-native-dll.so`::CG_Rocket_DrawMinimap() [inlined] CG_Rocket_DrawMinimap at cg_rocket_draw.cpp:3077:17
    frame #3: 0x00007fff6a76e098 cgame-native-dll.so`::CG_Rocket_DrawMinimap() at cg_rocket_draw.cpp:3066:13
    frame #4: 0x00007fff6a7c7e34 cgame-native-dll.so`RocketElement::OnRender(this=0x00007fff5e849d00) at rocketElement.h:112:26
    frame #5: 0x00007fff6a9c8fe8 cgame-native-dll.so`Rml::Element::Render(this=0x00007fff5e849d00) at Element.cpp:227:12
    frame #6: 0x00007fff6a9c8f69 cgame-native-dll.so`Rml::Element::Render(this=0x00007fff5e34b590) at Element.cpp:233:30
    frame #7: 0x00007fff6a9c8f69 cgame-native-dll.so`Rml::Element::Render(this=0x00005555576ea480) at Element.cpp:233:30
    frame #8: 0x00007fff6aa076c9 cgame-native-dll.so`Rml::Context::Render(this=0x00007fff5d059cc0) at Context.cpp:227:14
    frame #9: 0x00007fff6a7a9114 cgame-native-dll.so`Rocket_Render() at rocket.cpp:492:21
    frame #10: 0x00007fff6a762a25 cgame-native-dll.so`CG_Rocket_Frame(state=cgClientState_t @ 0x00007fff98bfd410) at cg_rocket.cpp:571:15
    frame #11: 0x00007fff6a7149fe cgame-native-dll.so`VM::VMHandleSyscall(unsigned int, Util::Reader) [inlined] operator(__closure=<unavailable>, cs=<unavailable>, __closure=<unavailable>, cs=cgClientState_t @ 0x00007fff98bfed60) at cg_api.cpp:81:21
    frame #12: 0x00007fff6a7149e9 cgame-native-dll.so`VM::VMHandleSyscall(unsigned int, Util::Reader) [inlined] apply_impl<VM::VMHandleSyscall(uint32_t, Util::Reader)::<lambda(cgClientState_t)>, std::tuple<cgClientState_t&&>, 0>(func=<unavailable>, (null)=<unavailable>, tuple=<unavailable>) at Util.h:136:33
    frame #13: 0x00007fff6a7149e4 cgame-native-dll.so`VM::VMHandleSyscall(unsigned int, Util::Reader) [inlined] apply<VM::VMHandleSyscall(uint32_t, Util::Reader)::<lambda(cgClientState_t)>, std::tuple<cgClientState_t&&> >(func=<unavailable>, tuple=<unavailable>) at Util.h:141:19
    frame #14: 0x00007fff6a7149e4 cgame-native-dll.so`VM::VMHandleSyscall(unsigned int, Util::Reader) [inlined] HandleMsg<VM::VMHandleSyscall(uint32_t, Util::Reader)::<lambda(cgClientState_t)>, IPC::Message<IPC::Id<0, 10>, cgClientState_t>, IPC::Reply<> >(func=<unavailable>, channel=<unavailable>, (null)=<unavailable>, reader=Reader @ 0x00007fff98bfe0f0) at Channel.h:217:24
    frame #15: 0x00007fff6a714957 cgame-native-dll.so`VM::VMHandleSyscall(unsigned int, Util::Reader) [inlined] HandleMsg<IPC::SyncMessage<IPC::Message<IPC::Id<0, 10>, cgClientState_t> >, VM::VMHandleSyscall(uint32_t, Util::Reader)::<lambda(cgClientState_t)> >(func=<unavailable>, channel=<unavailable>, reader=Reader @ 0x00007fff98bfe0b0) at Channel.h:241:26
    frame #16: 0x00007fff6a714926 cgame-native-dll.so`VM::VMHandleSyscall(id=<unavailable>, reader=<unavailable>) at cg_api.cpp:80:40
    frame #17: 0x00007fff6a841af9 cgame-native-dll.so`CommonInit(rootSocket=<unavailable>) at VMMain.cpp:72:22
    frame #18: 0x00007fff6a8421b4 cgame-native-dll.so`vmMain(rootSocket=56) at VMMain.cpp:126:14
    frame #19: 0x00005555557f78d4 daemon`std::thread::_State_impl<std::thread::_Invoker<std::tuple<VM::CreateInProcessNativeVM(std::pair<IPC::Socket, IPC::Socket>, Str::BasicStringRef<char>, VM::VMBase::InProcessInfo&)::'lambda'()>>>::_M_run() at VirtualMachine.cpp:455:10
    frame #20: 0x00007ffff72ecdb4 libstdc++.so.6`execute_native_thread_routine at thread.cc:104:18
    frame #21: 0x00007ffff6e9ca94 libc.so.6`start_thread(arg=<unavailable>) at pthread_create.c:447:8
    frame #22: 0x00007ffff6f29c3c libc.so.6`__clone3 at clone3.S:78
```

It higlighted the division:

```c++
transformVector[0] = x + rect->x + rect->w / 2;
```

If I write this it works:

```c++
transformVector[0] = x + rect->x + rect->w / 0.5;
```

If I write this it fails:

```c++
transformVector[0] = x + rect->x + rect->w / 0.5f;
```

**Comment by illwieckz** [comment]
If I do this it works:

```
Log::Warn("%f %f %f", x, rect->x, rect->w);
transformVector[0] = x + rect->x + rect->w / 2;
```

**Comment by slipher** [comment]
Maybe the trapping math flags don't really work or aren't configured correctly and you still have vector operations?

Post registers and disassembly

**Comment by illwieckz** [comment]
```
* thread #23, name = 'daemon', stop reason = signal SIGFPE: floating point invalid operation
    frame #0: 0x00007fff6a749720 cgame-native-dll.so`CG_DrawMinimap(rectDef_t const*, Color::BasicColor<float, Color::ColorComponentTraits<float>> const&) [inlined] CG_SetupMinimapTransform(rect=0x00007fff98bfd270, zone=0x00007fff6bde41d8, minimap=<unavailable>) at cg_minimap.cpp:302:48
   299 	    x = transform[0] * posx + transform[1] * posy;
   300 	    y = transform[2] * posx + transform[3] * posy;
   301 	
-> 302 	    transformVector[0] = x + rect->x + rect->w / 2;
   303 	    transformVector[1] = y + rect->y + rect->h / 2;
   304 	}
   305

(lldb) thread backtrace 23
* thread #23, name = 'daemon', stop reason = signal SIGFPE: floating point invalid operation
  * frame #0: 0x00007fff6a749720 cgame-native-dll.so`CG_DrawMinimap(rectDef_t const*, Color::BasicColor<float, Color::ColorComponentTraits<float>> const&) [inlined] CG_SetupMinimapTransform(rect=0x00007fff98bfd270, zone=0x00007fff6bde41d8, minimap=<unavailable>) at cg_minimap.cpp:302:48
    frame #1: 0x00007fff6a7496e6 cgame-native-dll.so`CG_DrawMinimap(rect640=0x00007fff98bfd2f0, teamColor=0x00007fff98bfd300) at cg_minimap.cpp:657:29
    frame #2: 0x00007fff6a76e0d4 cgame-native-dll.so`::CG_Rocket_DrawMinimap() [inlined] CG_Rocket_DrawMinimap at cg_rocket_draw.cpp:3077:17
    frame #3: 0x00007fff6a76e098 cgame-native-dll.so`::CG_Rocket_DrawMinimap() at cg_rocket_draw.cpp:3066:13
    frame #4: 0x00007fff6a7c7e34 cgame-native-dll.so`RocketElement::OnRender(this=0x00007fff5e84a430) at rocketElement.h:112:26
    frame #5: 0x00007fff6a9c8fe8 cgame-native-dll.so`Rml::Element::Render(this=0x00007fff5e84a430) at Element.cpp:227:12
    frame #6: 0x00007fff6a9c8f69 cgame-native-dll.so`Rml::Element::Render(this=0x00007fff5e350860) at Element.cpp:233:30
    frame #7: 0x00007fff6a9c8f69 cgame-native-dll.so`Rml::Element::Render(this=0x00005555576e3220) at Element.cpp:233:30
    frame #8: 0x00007fff6aa076c9 cgame-native-dll.so`Rml::Context::Render(this=0x00007fff5d059cc0) at Context.cpp:227:14
    frame #9: 0x00007fff6a7a9114 cgame-native-dll.so`Rocket_Render() at rocket.cpp:492:21
    frame #10: 0x00007fff6a762a25 cgame-native-dll.so`CG_Rocket_Frame(state=cgClientState_t @ 0x00007fff98bfd410) at cg_rocket.cpp:571:15
    frame #11: 0x00007fff6a7149fe cgame-native-dll.so`VM::VMHandleSyscall(unsigned int, Util::Reader) [inlined] operator(__closure=<unavailable>, cs=<unavailable>, __closure=<unavailable>, cs=cgClientState_t @ 0x00007fff98bfed60) at cg_api.cpp:81:21
    frame #12: 0x00007fff6a7149e9 cgame-native-dll.so`VM::VMHandleSyscall(unsigned int, Util::Reader) [inlined] apply_impl<VM::VMHandleSyscall(uint32_t, Util::Reader)::<lambda(cgClientState_t)>, std::tuple<cgClientState_t&&>, 0>(func=<unavailable>, (null)=<unavailable>, tuple=<unavailable>) at Util.h:136:33
    frame #13: 0x00007fff6a7149e4 cgame-native-dll.so`VM::VMHandleSyscall(unsigned int, Util::Reader) [inlined] apply<VM::VMHandleSyscall(uint32_t, Util::Reader)::<lambda(cgClientState_t)>, std::tuple<cgClientState_t&&> >(func=<unavailable>, tuple=<unavailable>) at Util.h:141:19
    frame #14: 0x00007fff6a7149e4 cgame-native-dll.so`VM::VMHandleSyscall(unsigned int, Util::Reader) [inlined] HandleMsg<VM::VMHandleSyscall(uint32_t, Util::Reader)::<lambda(cgClientState_t)>, IPC::Message<IPC::Id<0, 10>, cgClientState_t>, IPC::Reply<> >(func=<unavailable>, channel=<unavailable>, (null)=<unavailable>, reader=Reader @ 0x00007fff98bfe0f0) at Channel.h:217:24
    frame #15: 0x00007fff6a714957 cgame-native-dll.so`VM::VMHandleSyscall(unsigned int, Util::Reader) [inlined] HandleMsg<IPC::SyncMessage<IPC::Message<IPC::Id<0, 10>, cgClientState_t> >, VM::VMHandleSyscall(uint32_t, Util::Reader)::<lambda(cgClientState_t)> >(func=<unavailable>, channel=<unavailable>, reader=Reader @ 0x00007fff98bfe0b0) at Channel.h:241:26
    frame #16: 0x00007fff6a714926 cgame-native-dll.so`VM::VMHandleSyscall(id=<unavailable>, reader=<unavailable>) at cg_api.cpp:80:40
    frame #17: 0x00007fff6a841af9 cgame-native-dll.so`CommonInit(rootSocket=<unavailable>) at VMMain.cpp:72:22
    frame #18: 0x00007fff6a8421b4 cgame-native-dll.so`vmMain(rootSocket=56) at VMMain.cpp:126:14
    frame #19: 0x00005555557f78d4 daemon`std::thread::_State_impl<std::thread::_Invoker<std::tuple<VM::CreateInProcessNativeVM(std::pair<IPC::Socket, IPC::Socket>, Str::BasicStringRef<char>, VM::VMBase::InProcessInfo&)::'lambda'()>>>::_M_run() at VirtualMachine.cpp:455:10
    frame #20: 0x00007ffff72ecdb4 libstdc++.so.6`execute_native_thread_routine at thread.cc:104:18
    frame #21: 0x00007ffff6e9ca94 libc.so.6`start_thread(arg=<unavailable>) at pthread_create.c:447:8
    frame #22: 0x00007ffff6f29c3c libc.so.6`__clone3 at clone3.S:78

(lldb) disassemble
cgame-native-dll.so`CG_DrawMinimap:
    0x7fff6a7495e0 <+0>:    endbr64 
    0x7fff6a7495e4 <+4>:    pushq  %rbp
    0x7fff6a7495e5 <+5>:    movq   %rsp, %rbp
    0x7fff6a7495e8 <+8>:    pushq  %r15
    0x7fff6a7495ea <+10>:   movq   %rdi, %r15
    0x7fff6a7495ed <+13>:   pushq  %r14
    0x7fff6a7495ef <+15>:   pushq  %r13
    0x7fff6a7495f1 <+17>:   pushq  %r12
    0x7fff6a7495f3 <+19>:   pushq  %rbx
    0x7fff6a7495f4 <+20>:   subq   $0xe8, %rsp
    0x7fff6a7495fb <+27>:   movq   %rsi, -0xa0(%rbp)
    0x7fff6a749602 <+34>:   movdqu (%rdi), %xmm0
    0x7fff6a749606 <+38>:   leaq   0x1698a73(%rip), %rbx ; cg
    0x7fff6a74960d <+45>:   movq   %fs:0x28, %rax
    0x7fff6a749616 <+54>:   movq   %rax, -0x38(%rbp)
    0x7fff6a74961a <+58>:   xorl   %eax, %eax
    0x7fff6a74961c <+60>:   movslq 0x2134(%rbx), %rax
    0x7fff6a749623 <+67>:   movaps %xmm0, -0x70(%rbp)
    0x7fff6a749627 <+71>:   testl  %eax, %eax
    0x7fff6a749629 <+73>:   js     0x7fff6a749657 ; <+119> [inlined] CG_ChooseMinimapZone + 48 at cg_minimap.cpp:394:28
    0x7fff6a74962b <+75>:   leaq   (%rax,%rax,2), %rax
    0x7fff6a74962f <+79>:   leaq   0x10b4(%rbx), %rdi
    0x7fff6a749636 <+86>:   shlq   $0x4, %rax
    0x7fff6a74963a <+90>:   leaq   0x2164(%rbx,%rax), %rdx
    0x7fff6a749642 <+98>:   leaq   0x2158(%rbx,%rax), %rsi
    0x7fff6a74964a <+106>:  callq  0x7fff6a8747f0 ; BoundsIntersectPoint at q_math.cpp:936:1
    0x7fff6a74964f <+111>:  testb  %al, %al
    0x7fff6a749651 <+113>:  jne    0x7fff6a749da0 ; <+1984> [inlined] CG_ChooseMinimapZone at cg_minimap.cpp:415:37
    0x7fff6a749657 <+119>:  movl   0x2138(%rbx), %eax
    0x7fff6a74965d <+125>:  leaq   0x2158(%rbx), %r12
    0x7fff6a749664 <+132>:  xorl   %r13d, %r13d
    0x7fff6a749667 <+135>:  leaq   0x10b4(%rbx), %r14
    0x7fff6a74966e <+142>:  testl  %eax, %eax
    0x7fff6a749670 <+144>:  jg     0x7fff6a749691 ; <+177> [inlined] CG_IsInMinimapZone at cg_minimap.cpp:253:69
    0x7fff6a749672 <+146>:  jmp    0x7fff6a749dea ; <+2058> [inlined] CG_ChooseMinimapZone + 2 at cg_minimap.cpp:406:15
    0x7fff6a749677 <+151>:  nopw   (%rax,%rax)
    0x7fff6a749680 <+160>:  addl   $0x1, %r13d
    0x7fff6a749684 <+164>:  addq   $0x30, %r12
    0x7fff6a749688 <+168>:  cmpl   %edx, %r13d
    0x7fff6a74968b <+171>:  jge    0x7fff6a749de8 ; <+2056> [inlined] CG_ChooseMinimapZone at cg_minimap.cpp:276:45
    0x7fff6a749691 <+177>:  leaq   0xc(%r12), %rdx
    0x7fff6a749696 <+182>:  movq   %r12, %rsi
    0x7fff6a749699 <+185>:  movq   %r14, %rdi
    0x7fff6a74969c <+188>:  callq  0x7fff6a8747f0 ; BoundsIntersectPoint at q_math.cpp:936:1
    0x7fff6a7496a1 <+193>:  movl   0x2138(%rbx), %edx
    0x7fff6a7496a7 <+199>:  testb  %al, %al
    0x7fff6a7496a9 <+201>:  je     0x7fff6a749680 ; <+160> [inlined] CG_ChooseMinimapZone + 89 at cg_minimap.cpp:394:9
    0x7fff6a7496ab <+203>:  movl   %edx, %eax
    0x7fff6a7496ad <+205>:  cmpl   %edx, %r13d
    0x7fff6a7496b0 <+208>:  jge    0x7fff6a749dea ; <+2058> [inlined] CG_ChooseMinimapZone + 2 at cg_minimap.cpp:406:15
    0x7fff6a7496b6 <+214>:  movl   %r13d, 0x2134(%rbx)
    0x7fff6a7496bd <+221>:  movslq %r13d, %r13
    0x7fff6a7496c0 <+224>:  leaq   (%r13,%r13,2), %rax
    0x7fff6a7496c5 <+229>:  shlq   $0x4, %rax
    0x7fff6a7496c9 <+233>:  leaq   0x2158(%rbx,%rax), %r12
    0x7fff6a7496d1 <+241>:  leaq   -0x70(%rbp), %rdi
    0x7fff6a7496d5 <+245>:  leaq   -0x64(%rbp), %rcx
    0x7fff6a7496d9 <+249>:  leaq   -0x68(%rbp), %rdx
    0x7fff6a7496dd <+253>:  leaq   -0x6c(%rbp), %rsi
    0x7fff6a7496e1 <+257>:  callq  0x7fff6a7269b0 ; CG_AdjustFrom640 at cg_drawtools.cpp:91:1
    0x7fff6a7496e6 <+262>:  movq   -0x68(%rbp), %xmm4
    0x7fff6a7496eb <+267>:  movss  -0x68(%rbp), %xmm1
    0x7fff6a7496f0 <+272>:  movq   -0x3d79f(%rip), %rax
    0x7fff6a7496f7 <+279>:  movss  -0x64(%rbp), %xmm9
    0x7fff6a7496fd <+285>:  movss  0x18(%r12), %xmm7
    0x7fff6a749704 <+292>:  movss  0x20(%r12), %xmm6
    0x7fff6a74970b <+299>:  movq   %rax, -0xb0(%rbp)
    0x7fff6a749712 <+306>:  movaps -0xb0(%rbp), %xmm0
    0x7fff6a749719 <+313>:  leaq   0x33f6c0(%rip), %rax ; cg_minimapRotate
->  0x7fff6a749720 <+320>:  mulps  %xmm0, %xmm4
    0x7fff6a749723 <+323>:  movq   -0x70(%rbp), %xmm0
    0x7fff6a749728 <+328>:  cmpb   $0x0, 0x50(%rax)
    0x7fff6a74972c <+332>:  addps  %xmm0, %xmm4
    0x7fff6a74972f <+335>:  je     0x7fff6a749dc0 ; <+2016> [inlined] CG_SetupMinimapTransform at cg_minimap.cpp:415:37
    0x7fff6a749735 <+341>:  movss  0x112c(%rbx), %xmm8
    0x7fff6a74973e <+350>:  movss  -0x3d416(%rip), %xmm3
    0x7fff6a749746 <+358>:  pxor   %xmm0, %xmm0
    0x7fff6a74974a <+362>:  leaq   -0x94(%rbp), %rdi
    0x7fff6a749751 <+369>:  leaq   -0x98(%rbp), %rsi
    0x7fff6a749758 <+376>:  movaps %xmm4, -0x100(%rbp)
    0x7fff6a74975f <+383>:  xorps  %xmm3, %xmm8
    0x7fff6a749763 <+387>:  movaps %xmm3, -0xd0(%rbp)
    0x7fff6a74976a <+394>:  cvtss2sd %xmm8, %xmm0
    0x7fff6a74976f <+399>:  addsd  -0x3d737(%rip), %xmm0
    0x7fff6a749777 <+407>:  mulsd  -0x3d737(%rip), %xmm0
    0x7fff6a74977f <+415>:  movss  %xmm6, -0xe8(%rbp)
    0x7fff6a749787 <+423>:  movss  %xmm7, -0xdc(%rbp)
    0x7fff6a74978f <+431>:  movss  %xmm9, -0xd8(%rbp)
    0x7fff6a749798 <+440>:  movss  %xmm1, -0xc0(%rbp)
    0x7fff6a7497a0 <+448>:  movss  %xmm8, -0xb8(%rbp)
    0x7fff6a7497a9 <+457>:  cvtsd2ss %xmm0, %xmm0
    0x7fff6a7497ad <+461>:  callq  0x7fff6a70f110 ; sincosf$plt
    0x7fff6a7497b2 <+466>:  movaps -0xd0(%rbp), %xmm3
    0x7fff6a7497b9 <+473>:  movss  -0x98(%rbp), %xmm0
    0x7fff6a7497c1 <+481>:  movss  -0x94(%rbp), %xmm2
    0x7fff6a7497c9 <+489>:  movaps -0x100(%rbp), %xmm4
    0x7fff6a7497d0 <+496>:  movaps %xmm0, %xmm5
    0x7fff6a7497d3 <+499>:  movss  -0xb8(%rbp), %xmm8
    0x7fff6a7497dc <+508>:  movss  -0xc0(%rbp), %xmm1
    0x7fff6a7497e4 <+516>:  movss  -0xd8(%rbp), %xmm9
    0x7fff6a7497ed <+525>:  movss  -0xdc(%rbp), %xmm7
    0x7fff6a7497f5 <+533>:  unpcklps %xmm2, %xmm5 ; xmm5 = xmm5[0],xmm2[0],xmm5[1],xmm2[1] 
    0x7fff6a7497f8 <+536>:  unpcklps %xmm0, %xmm2 ; xmm2 = xmm2[0],xmm0[0],xmm2[1],xmm0[1] 
    0x7fff6a7497fb <+539>:  movss  -0xe8(%rbp), %xmm6
    0x7fff6a749803 <+547>:  addss  %xmm9, %xmm1
    0x7fff6a749808 <+552>:  mulss  -0x3de18(%rip), %xmm1
    0x7fff6a749810 <+560>:  subss  %xmm7, %xmm6
    0x7fff6a749814 <+564>:  movq   -0xa0(%rbp), %rax
    0x7fff6a74981b <+571>:  movss  %xmm8, 0x16c5480(%rip) ; transformAngle
    0x7fff6a749824 <+580>:  leaq   0x213c(%rbx), %rdi
    0x7fff6a74982b <+587>:  movss  %xmm1, 0x16c546d(%rip) ; transformScale
    0x7fff6a749833 <+595>:  mulss  -0x3de7f(%rip), %xmm1
    0x7fff6a74983b <+603>:  divss  %xmm6, %xmm1
    0x7fff6a74983f <+607>:  shufps $0x0, %xmm1, %xmm1 ; xmm1 = xmm1[0,0,0,0] 
    0x7fff6a749843 <+611>:  mulps  %xmm1, %xmm2
    0x7fff6a749846 <+614>:  mulps  %xmm1, %xmm5
    0x7fff6a749849 <+617>:  movaps %xmm4, %xmm1
    0x7fff6a74984c <+620>:  movaps %xmm2, %xmm6
    0x7fff6a74984f <+623>:  shufps $0xe5, %xmm6, %xmm6 ; xmm6 = xmm6[1,1,2,3] 
    0x7fff6a749853 <+627>:  movaps %xmm6, %xmm0
    0x7fff6a749856 <+630>:  movaps %xmm2, %xmm6
    0x7fff6a749859 <+633>:  xorps  %xmm6, %xmm3
    0x7fff6a74985c <+636>:  unpcklps %xmm0, %xmm3 ; xmm3 = xmm3[0],xmm0[0],xmm3[1],xmm0[1] 
    0x7fff6a74985f <+639>:  unpcklps %xmm2, %xmm0 ; xmm0 = xmm0[0],xmm2[0],xmm0[1],xmm2[1] 
    0x7fff6a749862 <+642>:  movlhps %xmm3, %xmm0 ; xmm0 = xmm0[0],xmm3[0] 
    0x7fff6a749865 <+645>:  movq   0x10b4(%rbx), %xmm3
    0x7fff6a74986d <+653>:  movaps %xmm0, 0x16c543c(%rip) ; transform
    0x7fff6a749874 <+660>:  movaps %xmm3, %xmm0
    0x7fff6a749877 <+663>:  shufps $0xe5, %xmm3, %xmm3 ; xmm3 = xmm3[1,1,2,3] 
    0x7fff6a74987b <+667>:  shufps $0xe0, %xmm0, %xmm0 ; xmm0 = xmm0[0,0,2,3] 
    0x7fff6a74987f <+671>:  mulps  %xmm5, %xmm0
    0x7fff6a749882 <+674>:  mulps  %xmm2, %xmm3
    0x7fff6a749885 <+677>:  subps  %xmm0, %xmm1
    0x7fff6a749888 <+680>:  addps  %xmm4, %xmm0
    0x7fff6a74988b <+683>:  movss  %xmm1, %xmm0 ; xmm0 = xmm1[0],xmm0[1,2,3] 
    0x7fff6a74988f <+687>:  addps  %xmm3, %xmm0
    0x7fff6a749892 <+690>:  movlps %xmm0, 0x16c540f(%rip) ; transformVector
    0x7fff6a749899 <+697>:  movdqu (%rax), %xmm0
    0x7fff6a74989d <+701>:  movaps %xmm0, 0x16c53ec(%rip) ; currentMinimapColor
    0x7fff6a7498a4 <+708>:  movss  0xc(%r15), %xmm3
    0x7fff6a7498aa <+714>:  movss  (%r15), %xmm0
    0x7fff6a7498af <+719>:  movss  0x8(%r15), %xmm2
    0x7fff6a7498b5 <+725>:  movss  0x4(%r15), %xmm1
    0x7fff6a7498bb <+731>:  callq  0x7fff6a726a00 ; CG_FillRect at cg_drawtools.cpp:116:1
    0x7fff6a7498c0 <+736>:  cvttss2si -0x64(%rbp), %ecx
    0x7fff6a7498c5 <+741>:  cvttss2si -0x68(%rbp), %edx
    0x7fff6a7498ca <+746>:  cvttss2si -0x6c(%rbp), %esi
    0x7fff6a7498cf <+751>:  cvttss2si -0x70(%rbp), %edi
    0x7fff6a7498d4 <+756>:  callq  0x7fff6a726ea0 ; CG_SetScissor at cg_drawtools.cpp:260:1
    0x7fff6a7498d9 <+761>:  movl   $0x1, %edi
    0x7fff6a7498de <+766>:  callq  0x7fff6a726e90 ; CG_EnableScissor at cg_drawtools.cpp:250:1
    0x7fff6a7498e3 <+771>:  movq   0x18(%r12), %xmm1
    0x7fff6a7498ea <+778>:  movq   0x20(%r12), %xmm0
    0x7fff6a7498f1 <+785>:  leaq   -0x50(%rbp), %rax
    0x7fff6a7498f5 <+789>:  movaps -0xb0(%rbp), %xmm5
    0x7fff6a7498fc <+796>:  movss  -0x3df48(%rip), %xmm2
    0x7fff6a749904 <+804>:  movq   %rax, %rsi
    0x7fff6a749907 <+807>:  movq   %rax, -0x108(%rbp)
    0x7fff6a74990e <+814>:  addps  %xmm1, %xmm0
    0x7fff6a749911 <+817>:  movss  0x214c(%rbx), %xmm1
    0x7fff6a749919 <+825>:  movl   0x2c(%r12), %edi
    0x7fff6a74991e <+830>:  movl   $0x0, -0x48(%rbp)
    0x7fff6a749925 <+837>:  mulss  0x28(%r12), %xmm1
    0x7fff6a74992c <+844>:  mulps  %xmm5, %xmm0
    0x7fff6a74992f <+847>:  movlps %xmm0, -0x50(%rbp)
    0x7fff6a749933 <+851>:  movss  -0x3dd6f(%rip), %xmm0
    0x7fff6a74993b <+859>:  callq  0x7fff6a749440 ; ::CG_DrawMinimapObject(qhandle_t, const vec_t *, const float, const float, const float, const float) at cg_minimap.cpp:357:13
    0x7fff6a749940 <+864>:  xorl   %edi, %edi
    0x7fff6a749942 <+866>:  callq  0x7fff6a726e90 ; CG_EnableScissor at cg_drawtools.cpp:250:1
    0x7fff6a749947 <+871>:  movq   -0x68(%rbp), %xmm4
    0x7fff6a74994c <+876>:  pxor   %xmm0, %xmm0
    0x7fff6a749950 <+880>:  movaps -0xb0(%rbp), %xmm5
    0x7fff6a749957 <+887>:  movq   -0x70(%rbp), %xmm1
    0x7fff6a74995c <+892>:  leaq   0x165ed3d(%rip), %r13 ; cgs
    0x7fff6a749963 <+899>:  mulps  %xmm4, %xmm5
    0x7fff6a749966 <+902>:  movss  0x16c5332(%rip), %xmm7 ; transformScale
    0x7fff6a74996e <+910>:  movl   0x12530(%rbx), %edi
    0x7fff6a749974 <+916>:  mulss  0x399c4(%r13), %xmm7
    0x7fff6a74997d <+925>:  movaps %xmm1, %xmm2
    0x7fff6a749980 <+928>:  cvtps2pd %xmm1, %xmm1
    0x7fff6a749983 <+931>:  mulss  -0x3dd07(%rip), %xmm7
    0x7fff6a74998b <+939>:  addps  %xmm2, %xmm4
    0x7fff6a74998e <+942>:  addps  %xmm2, %xmm5
    0x7fff6a749991 <+945>:  cvtps2pd %xmm4, %xmm4
    0x7fff6a749994 <+948>:  cvtss2sd %xmm7, %xmm0
    0x7fff6a749998 <+952>:  movaps %xmm5, %xmm6
    0x7fff6a74999b <+955>:  shufps $0xe5, %xmm6, %xmm6 ; xmm6 = xmm6[1,1,2,3] 
    0x7fff6a74999f <+959>:  movaps %xmm6, %xmm9
    0x7fff6a7499a3 <+963>:  movsd  -0x3d7fb(%rip), %xmm6
    0x7fff6a7499ab <+971>:  mulsd  %xmm0, %xmm6
    0x7fff6a7499af <+975>:  mulsd  -0x3da8f(%rip), %xmm0
    0x7fff6a7499b7 <+983>:  unpcklpd %xmm6, %xmm6 ; xmm6 = xmm6[0,0] 
    0x7fff6a7499bb <+987>:  unpcklpd %xmm0, %xmm0 ; xmm0 = xmm0[0,0] 
    0x7fff6a7499bf <+991>:  addpd  %xmm1, %xmm6
    0x7fff6a7499c3 <+995>:  subpd  %xmm0, %xmm4
    0x7fff6a7499c7 <+999>:  cvtpd2ps %xmm6, %xmm6
    0x7fff6a7499cb <+1003>: cvtpd2ps %xmm4, %xmm4
    0x7fff6a7499cf <+1007>: testl  %edi, %edi
    0x7fff6a7499d1 <+1009>: jle    0x7fff6a749cd7 ; <+1783> at cg_minimap.cpp:677:18
    0x7fff6a7499d7 <+1015>: leaq   -0x58(%rbp), %rax
    0x7fff6a7499db <+1019>: xorl   %r12d, %r12d
    0x7fff6a7499de <+1022>: movss  %xmm7, -0xdc(%rbp)
    0x7fff6a7499e6 <+1030>: movq   %rax, -0xd8(%rbp)
    0x7fff6a7499ed <+1037>: leaq   -0x90(%rbp), %rax
    0x7fff6a7499f4 <+1044>: movq   %rax, -0xa0(%rbp)
    0x7fff6a7499fb <+1051>: leaq   -0x78(%rbp), %rax
    0x7fff6a7499ff <+1055>: movq   %rax, -0xc0(%rbp)
    0x7fff6a749a06 <+1062>: leaq   -0x80(%rbp), %rax
    0x7fff6a749a0a <+1066>: movq   %rax, -0xd0(%rbp)
    0x7fff6a749a11 <+1073>: leaq   -0x88(%rbp), %rax
    0x7fff6a749a18 <+1080>: movq   %rax, -0xb8(%rbp)
    0x7fff6a749a1f <+1087>: movlps %xmm4, -0xe8(%rbp)
    0x7fff6a749a26 <+1094>: movlps %xmm5, -0x100(%rbp)
    0x7fff6a749a2d <+1101>: movss  %xmm5, -0xe0(%rbp)
    0x7fff6a749a35 <+1109>: movss  %xmm9, -0x10c(%rbp)
    0x7fff6a749a3e <+1118>: movlps %xmm6, -0xf0(%rbp)
    0x7fff6a749a45 <+1125>: jmp    0x7fff6a749a6a ; <+1162> [inlined] CG_MinimapDrawBeacons + 286 at cg_minimap.cpp:609:39
    0x7fff6a749a47 <+1127>: nopw   (%rax,%rax)
    0x7fff6a749a50 <+1136>: testb  %r15b, %r15b
    0x7fff6a749a53 <+1139>: jne    0x7fff6a749bfd ; <+1565> [inlined] glm::vec<2, float, (glm::qualifier)0> glm::operator-<float, (glm::qualifier)0>(glm::vec<2, float, (glm::qualifier)0> const&, glm::vec<2, float, (glm::qualifier)0> const&) at type_vec2.inl:555:7
    0x7fff6a749a59 <+1145>: addq   $0x1, %r12
    0x7fff6a749a5d <+1149>: cmpl   %r12d, 0x12530(%rbx)
    0x7fff6a749a64 <+1156>: jle    0x7fff6a749cd7 ; <+1783> at cg_minimap.cpp:677:18
    0x7fff6a749a6a <+1162>: movq   0x10530(%rbx,%r12,8), %r14
    0x7fff6a749a72 <+1170>: movss  -0xdc(%rbp), %xmm7
    0x7fff6a749a7a <+1178>: movl   $0x1, %ecx
    0x7fff6a749a7f <+1183>: movq   -0xd8(%rbp), %rsi
    0x7fff6a749a86 <+1190>: mulss  0x4c(%r14), %xmm7
    0x7fff6a749a8c <+1196>: leaq   0x8(%r14), %rdi
    0x7fff6a749a90 <+1200>: movss  %xmm7, -0xb0(%rbp)
    0x7fff6a749a98 <+1208>: callq  0x7fff6a749370 ; ::CG_WorldToMinimap(const vec_t *, vec_t *) at cg_minimap.cpp:314:63
    0x7fff6a749a9d <+1213>: movss  -0x3df85(%rip), %xmm1
    0x7fff6a749aa5 <+1221>: movq   -0x100(%rbp), %rax
    0x7fff6a749aac <+1228>: movq   -0x58(%rbp), %xmm0
    0x7fff6a749ab1 <+1233>: movq   -0xa0(%rbp), %r8
    0x7fff6a749ab8 <+1240>: mulss  %xmm7, %xmm1
    0x7fff6a749abc <+1244>: movq   %rax, -0x78(%rbp)
    0x7fff6a749ac0 <+1248>: movq   -0xe8(%rbp), %rax
    0x7fff6a749ac7 <+1255>: movq   -0xc0(%rbp), %rdx
    0x7fff6a749ace <+1262>: movq   -0xd0(%rbp), %rsi
    0x7fff6a749ad5 <+1269>: movq   %rax, -0x80(%rbp)
    0x7fff6a749ad9 <+1273>: movq   -0xb8(%rbp), %rdi
    0x7fff6a749ae0 <+1280>: movq   -0xf0(%rbp), %rax
    0x7fff6a749ae7 <+1287>: shufps $0x0, %xmm1, %xmm1 ; xmm1 = xmm1[0,0,0,0] 
    0x7fff6a749aeb <+1291>: addps  %xmm1, %xmm0
    0x7fff6a749aee <+1294>: movq   %rax, -0x88(%rbp)
    0x7fff6a749af5 <+1301>: movlps %xmm0, -0x90(%rbp)
    0x7fff6a749afc <+1308>: callq  0x7fff6a7250a0 ; CG_ClampToRectangleAlongLine at cg_draw.cpp:43:1
    0x7fff6a749b01 <+1313>: movl   %eax, %r15d
    0x7fff6a749b04 <+1316>: testb  %al, %al
    0x7fff6a749b06 <+1318>: je     0x7fff6a749b13 ; <+1331> [inlined] CG_MinimapDrawBeacon + 161 at cg_minimap.cpp:561:15
    0x7fff6a749b08 <+1320>: cmpl   $0x3, 0x4(%r14)
    0x7fff6a749b0d <+1325>: je     0x7fff6a749a59 ; <+1145> [inlined] CG_MinimapDrawBeacons + 269 at cg_minimap.cpp:608:17
    0x7fff6a749b13 <+1331>: movdqu 0x54(%r14), %xmm0
    0x7fff6a749b19 <+1337>: movq   -0x108(%rbp), %rdi
    0x7fff6a749b20 <+1344>: movaps %xmm0, -0x50(%rbp)
    0x7fff6a749b24 <+1348>: movss  0x399c8(%r13), %xmm0
    0x7fff6a749b2d <+1357>: movss  %xmm0, -0x44(%rbp)
    0x7fff6a749b32 <+1362>: callq  0x7fff6a81bd40 ; trap_R_SetColor at cg_api.cpp:417:1
    0x7fff6a749b37 <+1367>: movq   %r14, %rdi
    0x7fff6a749b3a <+1370>: callq  0x7fff6a7176f0 ; CG_BeaconIcon at cg_beacon.cpp:688:1
    0x7fff6a749b3f <+1375>: subq   $0x8, %rsp
    0x7fff6a749b43 <+1379>: pxor   %xmm5, %xmm5
    0x7fff6a749b47 <+1383>: movss  -0x3cea3(%rip), %xmm7
    0x7fff6a749b4f <+1391>: pushq  $0x0
    0x7fff6a749b51 <+1393>: movss  -0xb0(%rbp), %xmm3
    0x7fff6a749b59 <+1401>: movl   %eax, %edi
    0x7fff6a749b5b <+1403>: movaps %xmm5, %xmm4
    0x7fff6a749b5e <+1406>: movss  -0x8c(%rbp), %xmm1
    0x7fff6a749b66 <+1414>: movss  -0x90(%rbp), %xmm0
    0x7fff6a749b6e <+1422>: movaps %xmm7, %xmm6
    0x7fff6a749b71 <+1425>: movaps %xmm3, %xmm2
    0x7fff6a749b74 <+1428>: callq  0x7fff6a81b8b0 ; trap_R_DrawRotatedPic at cg_api.cpp:438:1
    0x7fff6a749b79 <+1433>: popq   %rcx
    0x7fff6a749b7a <+1434>: popq   %rsi
    0x7fff6a749b7b <+1435>: testb  $0x20, 0x16(%r14)
    0x7fff6a749b80 <+1440>: je     0x7fff6a749a50 ; <+1136> [inlined] CG_MinimapDrawBeacon + 114 at cg_minimap.cpp:572:2
    0x7fff6a749b86 <+1446>: movss  -0xb0(%rbp), %xmm3
    0x7fff6a749b8e <+1454>: movss  -0x3e23a(%rip), %xmm0
    0x7fff6a749b96 <+1462>: pxor   %xmm2, %xmm2
    0x7fff6a749b9a <+1466>: pxor   %xmm5, %xmm5
    0x7fff6a749b9e <+1470>: movss  -0x90(%rbp), %xmm1
    0x7fff6a749ba6 <+1478>: movss  -0x3cf02(%rip), %xmm7
    0x7fff6a749bae <+1486>: movaps %xmm5, %xmm4
    0x7fff6a749bb1 <+1489>: mulss  %xmm3, %xmm0
    0x7fff6a749bb5 <+1493>: cvtss2sd %xmm3, %xmm2
    0x7fff6a749bb9 <+1497>: movl   0x3991c(%r13), %edi
    0x7fff6a749bc0 <+1504>: mulsd  -0x3dcb0(%rip), %xmm2
    0x7fff6a749bc8 <+1512>: movaps %xmm7, %xmm6
    0x7fff6a749bcb <+1515>: mulss  -0x3e06f(%rip), %xmm3
    0x7fff6a749bd3 <+1523>: subss  %xmm0, %xmm1
    0x7fff6a749bd7 <+1527>: cvtsd2ss %xmm2, %xmm2
    0x7fff6a749bdb <+1531>: movaps %xmm1, %xmm8
    0x7fff6a749bdf <+1535>: movss  -0x8c(%rbp), %xmm1
    0x7fff6a749be7 <+1543>: subss  %xmm0, %xmm1
    0x7fff6a749beb <+1547>: movaps %xmm8, %xmm0
    0x7fff6a749bef <+1551>: callq  0x7fff6a81ba40 ; trap_R_DrawStretchPic at cg_api.cpp:433:1
    0x7fff6a749bf4 <+1556>: testb  %r15b, %r15b
    0x7fff6a749bf7 <+1559>: je     0x7fff6a749a59 ; <+1145> [inlined] CG_MinimapDrawBeacons + 269 at cg_minimap.cpp:608:17
    0x7fff6a749bfd <+1565>: movss  -0x8c(%rbp), %xmm8
    0x7fff6a749c06 <+1574>: addq   $0x1, %r12
    0x7fff6a749c0a <+1578>: movss  -0x90(%rbp), %xmm9
    0x7fff6a749c13 <+1587>: movaps %xmm8, %xmm0
    0x7fff6a749c17 <+1591>: movaps %xmm9, %xmm1
    0x7fff6a749c1b <+1595>: subss  -0x10c(%rbp), %xmm0
    0x7fff6a749c23 <+1603>: subss  -0xe0(%rbp), %xmm1
    0x7fff6a749c2b <+1611>: callq  0x7fff6a70f100 ; atan2f$plt
    0x7fff6a749c30 <+1616>: subq   $0x10, %rsp
    0x7fff6a749c34 <+1620>: pxor   %xmm5, %xmm5
    0x7fff6a749c38 <+1624>: movss  -0xb0(%rbp), %xmm6
    0x7fff6a749c40 <+1632>: movaps %xmm0, %xmm1
    0x7fff6a749c43 <+1635>: movl   0x39918(%r13), %edi
    0x7fff6a749c4a <+1642>: movaps %xmm5, %xmm4
    0x7fff6a749c4d <+1645>: movss  -0x3e1d1(%rip), %xmm0
    0x7fff6a749c55 <+1653>: mulss  -0x3e135(%rip), %xmm1
    0x7fff6a749c5d <+1661>: movsd  -0x3da96(%rip), %xmm10
    0x7fff6a749c66 <+1670>: mulss  %xmm6, %xmm0
    0x7fff6a749c6a <+1674>: movss  -0x3e01e(%rip), %xmm2
    0x7fff6a749c72 <+1682>: movss  -0x90(%rbp), %xmm9
    0x7fff6a749c7b <+1691>: movss  -0x3cfd7(%rip), %xmm7
    0x7fff6a749c83 <+1699>: mulss  %xmm6, %xmm2
    0x7fff6a749c87 <+1703>: movaps %xmm7, %xmm6
    0x7fff6a749c8a <+1706>: cvtss2sd %xmm1, %xmm1
    0x7fff6a749c8e <+1710>: mulsd  -0x3da8e(%rip), %xmm1
    0x7fff6a749c96 <+1718>: subss  %xmm0, %xmm9
    0x7fff6a749c9b <+1723>: movaps %xmm2, %xmm3
    0x7fff6a749c9e <+1726>: subsd  %xmm1, %xmm10
    0x7fff6a749ca3 <+1731>: cvtsd2ss %xmm10, %xmm10
    0x7fff6a749ca8 <+1736>: movss  %xmm10, (%rsp)
    0x7fff6a749cae <+1742>: movss  -0x8c(%rbp), %xmm8
    0x7fff6a749cb7 <+1751>: movaps %xmm8, %xmm1
    0x7fff6a749cbb <+1755>: subss  %xmm0, %xmm1
    0x7fff6a749cbf <+1759>: movaps %xmm9, %xmm0
    0x7fff6a749cc3 <+1763>: callq  0x7fff6a81b8b0 ; trap_R_DrawRotatedPic at cg_api.cpp:438:1
    0x7fff6a749cc8 <+1768>: popq   %rax
    0x7fff6a749cc9 <+1769>: popq   %rdx
    0x7fff6a749cca <+1770>: cmpl   %r12d, 0x12530(%rbx)
    0x7fff6a749cd1 <+1777>: jg     0x7fff6a749a6a ; <+1162> [inlined] CG_MinimapDrawBeacons + 286 at cg_minimap.cpp:609:39
    0x7fff6a749cd7 <+1783>: movl   $0x1, %edi
    0x7fff6a749cdc <+1788>: leaq   0x10b4(%rbx), %r12
    0x7fff6a749ce3 <+1795>: callq  0x7fff6a726e90 ; CG_EnableScissor at cg_drawtools.cpp:250:1
    0x7fff6a749ce8 <+1800>: movaps -0x3d04f(%rip), %xmm0
    0x7fff6a749cef <+1807>: movq   %r12, %rsi
    0x7fff6a749cf2 <+1810>: movaps 0x16c4f97(%rip), %xmm3 ; currentMinimapColor
    0x7fff6a749cf9 <+1817>: movl   0x2150(%rbx), %edi
    0x7fff6a749cff <+1823>: movss  -0x3e36f(%rip), %xmm2
    0x7fff6a749d07 <+1831>: movss  -0x3e30b(%rip), %xmm1
    0x7fff6a749d0f <+1839>: movaps %xmm0, 0x16c4f7a(%rip) ; currentMinimapColor
    0x7fff6a749d16 <+1846>: movss  0x112c(%rbx), %xmm0
    0x7fff6a749d1e <+1854>: movaps %xmm3, -0xb0(%rbp)
    0x7fff6a749d25 <+1861>: callq  0x7fff6a749440 ; ::CG_DrawMinimapObject(qhandle_t, const vec_t *, const float, const float, const float, const float) at cg_minimap.cpp:357:13
    0x7fff6a749d2a <+1866>: movaps -0x3ce71(%rip), %xmm0
    0x7fff6a749d31 <+1873>: movq   %r12, %rsi
    0x7fff6a749d34 <+1876>: movl   0x2150(%rbx), %edi
    0x7fff6a749d3a <+1882>: movss  -0x3e3aa(%rip), %xmm2
    0x7fff6a749d42 <+1890>: movss  -0x3d09e(%rip), %xmm1
    0x7fff6a749d4a <+1898>: movaps %xmm0, 0x16c4f3f(%rip) ; currentMinimapColor
    0x7fff6a749d51 <+1905>: movss  0x112c(%rbx), %xmm0
    0x7fff6a749d59 <+1913>: callq  0x7fff6a749440 ; ::CG_DrawMinimapObject(qhandle_t, const vec_t *, const float, const float, const float, const float) at cg_minimap.cpp:357:13
    0x7fff6a749d5e <+1918>: movaps -0xb0(%rbp), %xmm3
    0x7fff6a749d65 <+1925>: xorl   %edi, %edi
    0x7fff6a749d67 <+1927>: movaps %xmm3, 0x16c4f22(%rip) ; currentMinimapColor
    0x7fff6a749d6e <+1934>: callq  0x7fff6a726e90 ; CG_EnableScissor at cg_drawtools.cpp:250:1
    0x7fff6a749d73 <+1939>: callq  0x7fff6a81ce10 ; trap_R_ClearColor at cg_api.cpp:413:1
    0x7fff6a749d78 <+1944>: movq   -0x38(%rbp), %rax
    0x7fff6a749d7c <+1948>: subq   %fs:0x28, %rax
    0x7fff6a749d85 <+1957>: jne    0x7fff6a749df3 ; <+2067> at cg_minimap.cpp:683:1
    0x7fff6a749d87 <+1959>: leaq   -0x28(%rbp), %rsp
    0x7fff6a749d8b <+1963>: popq   %rbx
    0x7fff6a749d8c <+1964>: popq   %r12
    0x7fff6a749d8e <+1966>: popq   %r13
    0x7fff6a749d90 <+1968>: popq   %r14
    0x7fff6a749d92 <+1970>: popq   %r15
    0x7fff6a749d94 <+1972>: popq   %rbp
    0x7fff6a749d95 <+1973>: retq   
    0x7fff6a749d96 <+1974>: nopw   %cs:(%rax,%rax)
    0x7fff6a749da0 <+1984>: movslq 0x2134(%rbx), %rax
    0x7fff6a749da7 <+1991>: leaq   (%rax,%rax,2), %rax
    0x7fff6a749dab <+1995>: shlq   $0x4, %rax
    0x7fff6a749daf <+1999>: leaq   0x2158(%rbx,%rax), %r12
    0x7fff6a749db7 <+2007>: jmp    0x7fff6a7496d1 ; <+241> at cg_minimap.cpp:656:21
    0x7fff6a749dbc <+2012>: nopl   (%rax)
    0x7fff6a749dc0 <+2016>: movq   -0x3df50(%rip), %xmm5
    0x7fff6a749dc8 <+2024>: pxor   %xmm8, %xmm8
    0x7fff6a749dcd <+2029>: movq   -0x3dcdd(%rip), %xmm2
    0x7fff6a749dd5 <+2037>: movss  -0x3daad(%rip), %xmm3
    0x7fff6a749ddd <+2045>: jmp    0x7fff6a749803 ; <+547> [inlined] CG_SetupMinimapTransform + 285 at cg_minimap.cpp:280:31
    0x7fff6a749de2 <+2050>: nopw   (%rax,%rax)
    0x7fff6a749de8 <+2056>: movl   %edx, %eax
    0x7fff6a749dea <+2058>: leal   -0x1(%rax), %r13d
    0x7fff6a749dee <+2062>: jmp    0x7fff6a7496b6 ; <+214> [inlined] CG_ChooseMinimapZone + 143 at cg_minimap.cpp:409:21
    0x7fff6a749df3 <+2067>: callq  0x7fff6a70f210 ; __stack_chk_fail$plt

(lldb) register read 
General Purpose Registers:
       rax = 0x00007fff6aa88de0  cgame-native-dll.so`cg_minimapRotate
       rbx = 0x00007fff6bde2080  cgame-native-dll.so`cg
       rcx = 0x00007fff98bfd27c
       rdx = 0x00007fff98bfd278
       rdi = 0x00007fff98bfd270
       rsi = 0x00007fff98bfd274
       rbp = 0x00007fff98bfd2e0
       rsp = 0x00007fff98bfd1d0
        r8 = 0x000000000000002c
        r9 = 0x0000000000000020
       r10 = 0x00007fff5e84c890
       r11 = 0x000000000000000f
       r12 = 0x00007fff6bde41d8  cgame-native-dll.so`cg + 8536
       r13 = 0x0000000000000000
       r14 = 0x00007fff6bde3134  cgame-native-dll.so`cg + 4276
       r15 = 0x00007fff98bfd2f0
       rip = 0x00007fff6a749720  cgame-native-dll.so`CG_DrawMinimap(rectDef_t const*, Color::BasicColor<float, Color::ColorComponentTraits<float>> const&) + 320 [inlined] CG_SetupMinimapTransform + 58 at cg_minimap.cpp:302:48
  cgame-native-dll.so`CG_DrawMinimap(rectDef_t const*, Color::BasicColor<float, Color::ColorComponentTraits<float>> const&) + 262 at cg_minimap.cpp:657:29
    rflags = 0x0000000000210256
        cs = 0x0000000000000033
        fs = 0x0000000000000000
        gs = 0x0000000000000000
        ss = 0x000000000000002b
   fs_base = 0x00007fff98c006c0
   gs_base = 0x0000000000000000
        ds = 0x0000000000000000
        es = 0x0000000000000000

(lldb) register read --all
General Purpose Registers:
       rax = 0x00007fff6aa88de0  cgame-native-dll.so`cg_minimapRotate
       rbx = 0x00007fff6bde2080  cgame-native-dll.so`cg
       rcx = 0x00007fff98bfd27c
       rdx = 0x00007fff98bfd278
       rdi = 0x00007fff98bfd270
       rsi = 0x00007fff98bfd274
       rbp = 0x00007fff98bfd2e0
       rsp = 0x00007fff98bfd1d0
        r8 = 0x000000000000002c
        r9 = 0x0000000000000020
       r10 = 0x00007fff5e84c890
       r11 = 0x000000000000000f
       r12 = 0x00007fff6bde41d8  cgame-native-dll.so`cg + 8536
       r13 = 0x0000000000000000
       r14 = 0x00007fff6bde3134  cgame-native-dll.so`cg + 4276
       r15 = 0x00007fff98bfd2f0
       rip = 0x00007fff6a749720  cgame-native-dll.so`CG_DrawMinimap(rectDef_t const*, Color::BasicColor<float, Color::ColorComponentTraits<float>> const&) + 320 [inlined] CG_SetupMinimapTransform + 58 at cg_minimap.cpp:302:48
  cgame-native-dll.so`CG_DrawMinimap(rectDef_t const*, Color::BasicColor<float, Color::ColorComponentTraits<float>> const&) + 262 at cg_minimap.cpp:657:29
    rflags = 0x0000000000210256
        cs = 0x0000000000000033
        fs = 0x0000000000000000
        gs = 0x0000000000000000
        ss = 0x000000000000002b
   fs_base = 0x00007fff98c006c0
   gs_base = 0x0000000000000000
        ds = 0x0000000000000000
        es = 0x0000000000000000
       eax = 0x6aa88de0
       ebx = 0x6bde2080
       ecx = 0x98bfd27c
       edx = 0x98bfd278
       edi = 0x98bfd270
       esi = 0x98bfd274
       ebp = 0x98bfd2e0
       esp = 0x98bfd1d0
       r8d = 0x0000002c
       r9d = 0x00000020
      r10d = 0x5e84c890
      r11d = 0x0000000f
      r12d = 0x6bde41d8
      r13d = 0x00000000
      r14d = 0x6bde3134
      r15d = 0x98bfd2f0
        ax = 0x8de0
        bx = 0x2080
        cx = 0xd27c
        dx = 0xd278
        di = 0xd270
        si = 0xd274
        bp = 0xd2e0
        sp = 0xd1d0
       r8w = 0x002c
       r9w = 0x0020
      r10w = 0xc890
      r11w = 0x000f
      r12w = 0x41d8
      r13w = 0x0000
      r14w = 0x3134
      r15w = 0xd2f0
        ah = 0x8d
        bh = 0x20
        ch = 0xd2
        dh = 0xd2
        al = 0xe0
        bl = 0x80
        cl = 0x7c
        dl = 0x78
       dil = 0x70
       sil = 0x74
       bpl = 0xe0
       spl = 0xd0
       r8l = 0x2c
       r9l = 0x20
      r10l = 0x90
      r11l = 0x0f
      r12l = 0xd8
      r13l = 0x00
      r14l = 0x34
      r15l = 0xf0

Floating Point Registers:
     fctrl = 0x0372
     fstat = 0x0000
      ftag = 0xffff
       fop = 0x0000
     fiseg = 0x00000000
     fioff = 0x00000000
       fip = 0x0000000000000000
     foseg = 0x00000000
     fooff = 0x00000000
       fdp = 0x0000000000000000
     mxcsr = 0x00009961
  mxcsrmask = 0x0002ffff
       st0 = {0x00 0x00 0x00 0x00 0x00 0x00 0x00 0x00 0x00 0x00}
       st1 = {0x00 0x00 0x00 0x00 0x00 0x00 0x00 0x00 0x00 0x00}
       st2 = {0x00 0x00 0x00 0x00 0x00 0x00 0x00 0x00 0x00 0x00}
       st3 = {0x00 0x00 0x00 0x00 0x00 0x00 0x00 0x00 0x00 0x00}
       st4 = {0x00 0x00 0x00 0x00 0x00 0x00 0x00 0x00 0x00 0x00}
       st5 = {0x00 0x00 0x00 0x00 0x00 0x00 0x00 0x00 0x00 0x00}
       st6 = {0x00 0x00 0x00 0x00 0x00 0x00 0x00 0x00 0x00 0x00}
       st7 = {0x00 0x00 0x00 0x00 0x00 0x00 0x00 0x00 0x00 0x00}
       mm0 = 0x0000000000000000
       mm1 = 0x0000000000000000
       mm2 = 0x0000000000000000
       mm3 = 0x0000000000000000
       mm4 = 0x0000000000000000
       mm5 = 0x0000000000000000
       mm6 = 0x0000000000000000
       mm7 = 0x0000000000000000
      xmm0 = {0x00 0x00 0x00 0x3f 0x00 0x00 0x00 0x3f 0xe0 0x81 0xad 0x5e 0x99 0x99 0x99 0xff}
      xmm1 = {0x00 0x00 0xf3 0x43 0x00 0x00 0x00 0x00 0x00 0x00 0x00 0x00 0x00 0x00 0x00 0x00}
      xmm2 = {0x00 0x00 0x07 0x45 0x00 0x00 0x00 0x00 0x00 0x00 0x00 0x00 0x00 0x00 0x00 0x00}
      xmm3 = {0x00 0x00 0x70 0x45 0x00 0x00 0x00 0x00 0x00 0x00 0x00 0x00 0x00 0x00 0x00 0x00}
      xmm4 = {0x00 0x00 0xf3 0x43 0x00 0x00 0xf3 0x43 0x00 0x00 0x00 0x00 0x00 0x00 0x00 0x00}
      xmm5 = {0x00 0x00 0x00 0x43 0x00 0x00 0x00 0x00 0x00 0x00 0x00 0x00 0x00 0x00 0x00 0xff}
      xmm6 = {0x01 0x00 0x3c 0x45 0x00 0x00 0x00 0x00 0x00 0x00 0x00 0x00 0x00 0x00 0x00 0x00}
      xmm7 = {0x01 0x00 0x3c 0xc5 0x00 0x00 0x00 0x00 0x00 0x00 0x00 0x00 0x00 0x00 0x00 0x00}
      xmm8 = {0x00 0x00 0xf3 0x43 0x00 0x00 0xf3 0x43 0x00 0x00 0x00 0x00 0x00 0x00 0x00 0x00}
      xmm9 = {0x00 0x00 0xf3 0x43 0x00 0x00 0x00 0x00 0x00 0x00 0x00 0x00 0x00 0x00 0x00 0x00}
     xmm10 = {0x00 0x00 0xf3 0x43 0x00 0x00 0x00 0x00 0x00 0x00 0xf3 0x43 0x00 0x00 0xf3 0x43}
     xmm11 = {0x00 0x00 0x40 0x43 0x00 0x00 0x00 0x00 0x00 0x00 0x00 0x00 0x00 0x00 0x00 0x00}
     xmm12 = {0x24 0xb1 0xa5 0x3b 0x00 0x00 0x00 0x00 0x00 0x00 0x00 0x00 0x00 0x00 0x00 0x00}
     xmm13 = {0x00 0x00 0x28 0x45 0x00 0x00 0x00 0x00 0x00 0x00 0x00 0x00 0x00 0x00 0x00 0x00}
     xmm14 = {0x00 0x00 0x00 0x00 0x00 0x00 0x00 0x00 0x00 0x00 0x00 0x00 0x00 0x00 0x00 0x00}
     xmm15 = {0x00 0x00 0x00 0x00 0x00 0x00 0x00 0x00 0x00 0x00 0x00 0x00 0x00 0x00 0x00 0x00}

Advanced Vector Extensions:
      ymm0 = {0x00 0x00 0x00 0x3f 0x00 0x00 0x00 0x3f 0xe0 0x81 0xad 0x5e 0x99 0x99 0x99 0xff 0x00 0x00 0x00 0x00 0x00 0x00 0x00 0x00 0x00 0x00 0x00 0x00 0x00 0x00 0x00 0x00}
      ymm1 = {0x00 0x00 0xf3 0x43 0x00 0x00 0x00 0x00 0x00 0x00 0x00 0x00 0x00 0x00 0x00 0x00 0x00 0x00 0x00 0x00 0x00 0x00 0x00 0x00 0x00 0x00 0x00 0x00 0x00 0x00 0x00 0x00}
      ymm2 = {0x00 0x00 0x07 0x45 0x00 0x00 0x00 0x00 0x00 0x00 0x00 0x00 0x00 0x00 0x00 0x00 0x00 0x00 0x00 0x00 0x00 0x00 0x00 0x00 0x00 0x00 0x00 0x00 0x00 0x00 0x00 0x00}
      ymm3 = {0x00 0x00 0x70 0x45 0x00 0x00 0x00 0x00 0x00 0x00 0x00 0x00 0x00 0x00 0x00 0x00 0x00 0x00 0x00 0x00 0x00 0x00 0x00 0x00 0x00 0x00 0x00 0x00 0x00 0x00 0x00 0x00}
      ymm4 = {0x00 0x00 0xf3 0x43 0x00 0x00 0xf3 0x43 0x00 0x00 0x00 0x00 0x00 0x00 0x00 0x00 0x00 0x00 0x00 0x00 0x00 0x00 0x00 0x00 0x00 0x00 0x00 0x00 0x00 0x00 0x00 0x00}
      ymm5 = {0x00 0x00 0x00 0x43 0x00 0x00 0x00 0x00 0x00 0x00 0x00 0x00 0x00 0x00 0x00 0xff 0x00 0x00 0x00 0x00 0x00 0x00 0x00 0x00 0x00 0x00 0x00 0x00 0x00 0x00 0x00 0x00}
      ymm6 = {0x01 0x00 0x3c 0x45 0x00 0x00 0x00 0x00 0x00 0x00 0x00 0x00 0x00 0x00 0x00 0x00 0x00 0x00 0x00 0x00 0x00 0x00 0x00 0x00 0x00 0x00 0x00 0x00 0x00 0x00 0x00 0x00}
      ymm7 = {0x01 0x00 0x3c 0xc5 0x00 0x00 0x00 0x00 0x00 0x00 0x00 0x00 0x00 0x00 0x00 0x00 0x00 0x00 0x00 0x00 0x00 0x00 0x00 0x00 0x00 0x00 0x00 0x00 0x00 0x00 0x00 0x00}
      ymm8 = {0x00 0x00 0xf3 0x43 0x00 0x00 0xf3 0x43 0x00 0x00 0x00 0x00 0x00 0x00 0x00 0x00 0x00 0x00 0x00 0x00 0x00 0x00 0x00 0x00 0x00 0x00 0x00 0x00 0x00 0x00 0x00 0x00}
      ymm9 = {0x00 0x00 0xf3 0x43 0x00 0x00 0x00 0x00 0x00 0x00 0x00 0x00 0x00 0x00 0x00 0x00 0x00 0x00 0x00 0x00 0x00 0x00 0x00 0x00 0x00 0x00 0x00 0x00 0x00 0x00 0x00 0x00}
     ymm10 = {0x00 0x00 0xf3 0x43 0x00 0x00 0x00 0x00 0x00 0x00 0xf3 0x43 0x00 0x00 0xf3 0x43 0x00 0x00 0x00 0x00 0x00 0x00 0x00 0x00 0x00 0x00 0x00 0x00 0x00 0x00 0x00 0x00}
     ymm11 = {0x00 0x00 0x40 0x43 0x00 0x00 0x00 0x00 0x00 0x00 0x00 0x00 0x00 0x00 0x00 0x00 0x00 0x00 0x00 0x00 0x00 0x00 0x00 0x00 0x00 0x00 0x00 0x00 0x00 0x00 0x00 0x00}
     ymm12 = {0x24 0xb1 0xa5 0x3b 0x00 0x00 0x00 0x00 0x00 0x00 0x00 0x00 0x00 0x00 0x00 0x00 0x00 0x00 0x00 0x00 0x00 0x00 0x00 0x00 0x00 0x00 0x00 0x00 0x00 0x00 0x00 0x00}
     ymm13 = {0x00 0x00 0x28 0x45 0x00 0x00 0x00 0x00 0x00 0x00 0x00 0x00 0x00 0x00 0x00 0x00 0x00 0x00 0x00 0x00 0x00 0x00 0x00 0x00 0x00 0x00 0x00 0x00 0x00 0x00 0x00 0x00}
     ymm14 = {0x00 0x00 0x00 0x00 0x00 0x00 0x00 0x00 0x00 0x00 0x00 0x00 0x00 0x00 0x00 0x00 0x00 0x00 0x00 0x00 0x00 0x00 0x00 0x00 0x00 0x00 0x00 0x00 0x00 0x00 0x00 0x00}
     ymm15 = {0x00 0x00 0x00 0x00 0x00 0x00 0x00 0x00 0x00 0x00 0x00 0x00 0x00 0x00 0x00 0x00 0x00 0x00 0x00 0x00 0x00 0x00 0x00 0x00 0x00 0x00 0x00 0x00 0x00 0x00 0x00 0x00}
```

**Comment by illwieckz** [comment]
Even using `-set in_nograb 1` makes the bug go away, this doesn't make sense at all.

**Comment by slipher** [comment]
Yeah `mulps` is a vector instruction so this is the same thing you had before. You are not setting `-ftrapping-math`, the flags are set in the wrong order, or it does not work.

**Comment by illwieckz** [comment]
This is doing `-ffast-math -ftrapping-math -fno-associative-math`, but maybe we can't do `-ftrapping-math` after `-ffast-math`.

**Comment by illwieckz** [comment]
Actually `-ffast-math` doesn't prevent `-ftrapping-math` to be set because the compiler complains that previously set `-fassociative-math` was disabled by `-ftrapping-math` (so I just add `-fno-associative-math` to silence that message).

**Comment by illwieckz** [comment]
So I guess I'll have to do something like that:

```cmake
if (USE_FLOAT_EXCEPTIONS)
	# Floating point exceptions requires trapping math
	# to avoid false positives on architectures with SSE.
	set_c_cxx_flag("-ftrapping-math")
elseif (USE_FAST_MATH)
	set_c_cxx_flag("-ffast-math")
endif()
```

But that means there is not a single way to debug floating point exceptions with fast math enabled.

**Comment by illwieckz** [comment]
Well, I just did that, but I still got the bug.

**Comment by illwieckz** [comment]
I did a `make VERBOSE=1` and it uses `-ftrapping-math` without `-ffast-math`.

**Comment by illwieckz** [comment]
AH no, the engine doesn't have `-ffast-math`, but the dll cgame has! Why???

**Comment by illwieckz** [comment]
> Ah no, the engine doesn't have `-ffast-math`, but the dll cgame has! Why???

That was a stupid mistake in my build script. 🤦‍♀️️
